SF:lib\shared\models\node_block.dart
DA:4,3
DA:33,2
DA:57,2
DA:59,2
DA:84,2
DA:85,2
DA:86,2
DA:87,2
DA:88,2
DA:89,2
DA:90,2
DA:91,2
DA:92,2
DA:93,2
DA:94,2
DA:95,2
DA:96,2
DA:97,2
DA:98,2
DA:99,2
DA:100,2
DA:101,2
DA:102,2
DA:103,2
DA:104,2
DA:105,2
DA:106,2
DA:107,2
DA:111,0
DA:112,0
DA:113,0
DA:114,0
DA:115,0
DA:116,0
DA:117,0
DA:118,0
DA:119,0
DA:120,0
DA:121,0
DA:122,0
DA:123,0
DA:124,0
DA:125,0
DA:126,0
DA:127,0
DA:128,0
DA:129,0
DA:130,0
DA:131,0
DA:132,0
DA:133,0
DA:134,0
DA:135,0
DA:139,0
DA:140,0
DA:141,0
DA:142,0
DA:143,0
DA:144,0
DA:146,0
DA:147,0
DA:148,0
DA:149,0
DA:150,0
DA:151,0
DA:152,0
DA:153,0
DA:154,0
DA:155,0
DA:156,0
DA:157,0
DA:158,0
DA:159,0
DA:160,0
DA:161,0
DA:162,0
DA:163,0
DA:164,0
DA:165,0
DA:166,0
DA:167,0
DA:168,0
LF:82
LH:28
end_of_record
SF:lib\screens\simulator_screen.dart
DA:10,1
DA:12,1
DA:13,1
DA:23,0
DA:24,0
DA:26,0
DA:27,0
DA:28,0
DA:29,0
DA:30,0
DA:32,0
DA:33,0
DA:34,0
DA:35,0
DA:39,0
DA:40,0
DA:41,0
DA:42,0
DA:43,0
DA:44,0
DA:45,0
DA:48,0
DA:49,0
DA:50,0
DA:51,0
DA:53,0
DA:59,0
DA:60,0
DA:61,0
DA:62,0
DA:63,0
DA:64,0
DA:66,0
DA:71,0
DA:73,0
DA:75,0
DA:77,0
DA:78,0
DA:79,0
DA:81,0
DA:83,0
DA:84,0
DA:85,0
DA:87,0
DA:88,0
DA:89,0
DA:90,0
DA:91,0
DA:93,0
DA:94,0
DA:95,0
DA:96,0
DA:97,0
DA:98,0
DA:99,0
DA:100,0
DA:101,0
DA:102,0
DA:103,0
DA:104,0
DA:105,0
DA:106,0
DA:107,0
DA:108,0
DA:109,0
DA:110,0
DA:111,0
DA:113,0
DA:114,0
DA:119,0
DA:120,0
DA:125,0
DA:126,0
DA:128,0
DA:129,0
DA:130,0
DA:132,0
DA:135,1
DA:137,3
DA:138,0
DA:140,0
DA:141,0
DA:143,0
DA:145,0
DA:149,0
DA:150,0
DA:151,0
DA:153,0
DA:154,0
DA:155,0
DA:156,0
DA:157,0
DA:160,0
DA:162,0
DA:165,0
DA:166,0
DA:168,0
DA:171,0
DA:172,0
DA:176,0
DA:179,0
DA:183,0
DA:185,0
DA:187,0
DA:191,0
DA:197,0
DA:198,0
DA:199,0
DA:200,0
DA:201,0
DA:202,0
DA:203,0
DA:208,0
DA:210,0
DA:211,0
DA:219,0
DA:221,0
DA:224,0
DA:233,0
DA:234,0
DA:235,0
DA:238,0
DA:239,0
DA:241,0
DA:242,0
DA:244,0
DA:246,0
DA:247,0
DA:248,0
DA:249,0
DA:250,0
DA:251,0
DA:258,0
DA:259,0
DA:260,0
DA:261,0
DA:262,0
DA:265,0
DA:266,0
DA:282,0
DA:284,0
DA:285,0
DA:287,0
DA:288,0
DA:290,0
DA:291,0
DA:298,0
DA:300,0
DA:301,0
DA:302,0
DA:303,0
DA:304,0
DA:305,0
DA:306,0
DA:307,0
DA:308,0
DA:309,0
DA:310,0
DA:311,0
DA:316,0
DA:317,0
DA:322,0
DA:323,0
DA:325,0
DA:326,0
DA:327,0
DA:328,0
DA:329,0
DA:330,0
DA:331,0
DA:332,0
DA:333,0
DA:334,0
DA:335,0
DA:336,0
DA:338,0
DA:340,0
DA:341,0
DA:343,0
DA:357,0
DA:358,0
DA:360,0
DA:362,0
DA:363,0
DA:366,0
DA:370,0
DA:373,0
DA:381,0
DA:382,0
DA:383,0
DA:384,0
DA:385,0
DA:386,0
DA:387,0
DA:388,0
DA:389,0
DA:390,0
DA:392,0
DA:393,0
DA:395,0
DA:396,0
DA:397,0
DA:400,0
DA:402,0
DA:403,0
DA:405,0
DA:407,0
DA:414,0
DA:416,0
DA:418,0
DA:419,0
DA:420,0
DA:421,0
DA:422,0
DA:423,0
DA:424,0
DA:428,0
LF:217
LH:5
end_of_record
SF:lib\state\scenario_provider.dart
DA:5,4
DA:6,3
DA:7,1
DA:11,3
DA:17,1
DA:18,1
DA:19,4
DA:22,0
DA:23,0
DA:26,0
DA:27,0
DA:28,0
DA:29,0
DA:35,1
DA:36,1
DA:37,1
DA:38,2
DA:39,1
DA:40,4
DA:45,1
DA:46,1
DA:47,2
DA:48,1
DA:49,4
DA:54,1
DA:55,2
DA:56,3
DA:57,3
DA:62,1
DA:63,2
DA:64,0
DA:65,0
DA:70,1
DA:71,7
DA:72,2
DA:76,1
DA:77,2
DA:78,2
DA:79,2
LF:39
LH:31
end_of_record
SF:lib\screens\about_screen.dart
DA:4,1
DA:6,1
DA:8,4
DA:10,1
DA:12,1
DA:20,1
DA:22,1
DA:24,1
DA:42,1
DA:43,1
DA:44,1
DA:46,1
DA:49,1
DA:50,1
DA:51,2
DA:53,2
DA:77,1
DA:85,1
DA:86,1
DA:93,1
DA:104,1
DA:105,1
DA:106,1
DA:107,1
DA:108,1
DA:109,1
DA:112,1
DA:114,1
DA:115,2
DA:117,2
DA:118,2
DA:121,1
LF:32
LH:32
end_of_record
SF:lib\screens\contact_screen.dart
DA:4,1
DA:6,1
DA:8,4
DA:10,1
DA:12,1
DA:20,1
DA:22,1
DA:24,1
DA:42,1
DA:43,1
DA:45,1
DA:46,2
DA:48,2
DA:58,1
DA:59,1
DA:84,1
DA:85,1
DA:86,1
DA:87,1
DA:89,1
DA:91,1
DA:92,1
DA:100,1
DA:108,1
DA:117,1
DA:118,1
DA:120,2
DA:123,1
DA:124,1
DA:125,1
DA:127,1
DA:130,2
LF:32
LH:32
end_of_record
SF:lib\screens\designer_dashboard.dart
DA:9,1
DA:11,1
DA:13,4
DA:14,1
DA:16,1
DA:18,0
DA:19,1
DA:26,1
DA:27,1
DA:29,0
DA:31,0
DA:32,0
DA:34,0
DA:37,0
DA:38,0
DA:39,0
DA:46,0
DA:47,0
DA:49,0
DA:51,0
DA:53,0
DA:54,0
DA:58,0
DA:64,0
DA:65,0
DA:66,0
DA:69,0
DA:70,0
DA:72,0
DA:73,0
DA:83,0
DA:84,0
DA:86,0
DA:87,0
DA:89,0
DA:91,0
DA:94,0
DA:95,0
DA:99,0
DA:100,0
DA:101,0
DA:110,0
DA:111,0
DA:113,0
DA:116,0
DA:117,0
DA:118,0
DA:125,0
DA:126,0
DA:130,0
DA:176,1
DA:180,0
DA:181,0
DA:182,0
DA:183,0
DA:192,0
DA:195,0
DA:197,0
DA:200,0
DA:202,0
DA:205,0
DA:214,0
DA:215,0
DA:216,0
DA:218,0
DA:219,0
DA:221,0
DA:223,0
DA:225,0
DA:227,0
DA:229,0
DA:241,1
DA:242,1
DA:243,1
DA:244,1
DA:247,1
DA:248,1
DA:255,1
DA:260,0
DA:262,1
DA:267,0
DA:269,1
DA:274,0
DA:281,1
DA:282,1
DA:283,1
DA:284,1
DA:286,1
DA:287,1
DA:288,1
DA:289,2
DA:291,2
DA:295,1
DA:297,1
DA:300,1
DA:303,1
DA:306,1
DA:316,1
DA:317,1
DA:319,2
DA:320,1
DA:322,1
DA:324,1
DA:325,1
DA:327,1
DA:334,1
DA:335,1
DA:337,2
DA:338,1
DA:340,1
DA:342,1
DA:343,1
DA:344,1
DA:345,1
DA:363,1
DA:364,1
DA:366,2
LF:117
LH:52
end_of_record
SF:lib\shared\widgets\voice_assistant_lottie.dart
DA:7,1
DA:9,0
DA:10,0
DA:20,0
DA:22,0
DA:23,0
DA:24,0
DA:27,0
DA:29,0
DA:30,0
DA:31,0
DA:33,0
DA:34,0
DA:35,0
DA:38,0
DA:39,0
DA:40,0
DA:41,0
DA:42,0
DA:46,0
DA:50,0
DA:55,0
DA:57,0
DA:58,0
DA:59,0
DA:61,0
LF:26
LH:1
end_of_record
SF:lib\screens\features_screen.dart
DA:5,1
DA:7,1
DA:9,4
DA:11,1
DA:13,1
DA:21,1
DA:22,1
DA:24,1
DA:26,1
DA:42,1
DA:43,1
DA:44,2
DA:46,0
DA:49,1
DA:53,1
DA:54,1
DA:60,1
DA:66,1
DA:72,1
DA:78,1
DA:84,1
DA:90,7
DA:102,1
DA:103,0
DA:104,0
DA:106,0
DA:110,1
DA:113,2
DA:125,1
DA:130,1
DA:132,2
DA:133,1
DA:135,1
DA:136,1
DA:137,1
DA:140,1
DA:143,1
DA:149,1
LF:38
LH:34
end_of_record
SF:lib\auth\register_screen.dart
DA:8,5
DA:10,0
DA:11,0
DA:27,0
DA:28,0
DA:30,0
DA:31,0
DA:32,0
DA:33,0
DA:35,0
DA:37,0
DA:42,0
DA:46,0
DA:47,0
DA:50,0
DA:51,0
DA:52,0
DA:56,0
DA:60,0
DA:61,0
DA:62,0
DA:66,0
DA:67,0
DA:68,0
DA:69,0
DA:70,0
DA:71,0
DA:75,0
DA:77,0
DA:79,0
DA:81,0
DA:85,0
DA:87,0
DA:88,0
DA:89,0
DA:90,0
DA:92,0
DA:100,0
DA:101,0
DA:103,0
DA:104,0
DA:111,0
DA:113,0
DA:115,0
DA:117,0
DA:118,0
DA:119,0
DA:120,0
DA:122,0
DA:132,0
DA:133,0
DA:134,0
DA:136,0
DA:137,0
DA:139,0
DA:142,0
DA:148,0
DA:149,0
DA:150,0
DA:152,0
DA:154,0
DA:155,0
DA:158,0
DA:159,0
DA:160,0
DA:162,0
DA:164,0
DA:165,0
DA:168,0
DA:169,0
DA:170,0
DA:171,0
DA:174,0
DA:175,0
DA:177,0
DA:179,0
DA:180,0
DA:182,0
DA:183,0
DA:192,0
DA:193,0
DA:194,0
DA:196,0
DA:198,0
DA:201,0
DA:203,0
DA:204,0
DA:205,0
DA:206,0
DA:207,0
DA:209,0
DA:210,0
DA:211,0
DA:212,0
DA:214,0
DA:215,0
DA:218,0
DA:228,0
DA:230,0
DA:231,0
DA:234,0
DA:235,0
DA:236,0
DA:238,0
DA:240,0
DA:241,0
DA:242,0
DA:254,0
DA:255,0
DA:256,0
DA:270,0
DA:273,0
LF:112
LH:1
end_of_record
SF:lib\auth\auth_service.dart
DA:10,0
DA:22,0
DA:29,0
DA:33,0
DA:34,0
DA:35,0
DA:36,0
DA:37,0
DA:43,0
DA:45,0
DA:47,0
DA:48,0
DA:52,0
DA:55,0
DA:57,0
DA:58,0
DA:59,0
DA:60,0
DA:65,0
DA:66,0
DA:73,0
DA:75,0
DA:77,0
DA:78,0
DA:82,0
DA:85,0
DA:87,0
DA:88,0
DA:89,0
DA:90,0
DA:97,0
DA:101,0
DA:102,0
DA:107,0
DA:110,0
DA:116,0
DA:118,0
DA:119,0
DA:120,0
DA:122,0
DA:123,0
DA:125,0
DA:127,0
DA:128,0
DA:134,0
DA:135,0
DA:141,0
DA:143,0
DA:145,0
DA:146,0
DA:150,0
DA:153,0
DA:155,0
DA:156,0
DA:158,0
DA:159,0
DA:160,0
DA:165,0
DA:170,0
DA:178,0
DA:180,0
DA:182,0
DA:183,0
DA:187,0
DA:190,0
DA:192,0
DA:193,0
DA:195,0
DA:196,0
DA:197,0
LF:70
LH:0
end_of_record
SF:lib\auth\login_screen.dart
DA:11,0
DA:13,0
DA:14,0
DA:24,0
DA:25,0
DA:26,0
DA:28,0
DA:29,0
DA:35,0
DA:37,0
DA:42,0
DA:43,0
DA:44,0
DA:47,0
DA:48,0
DA:53,0
DA:54,0
DA:55,0
DA:56,0
DA:58,0
DA:61,0
DA:65,0
DA:69,0
DA:73,0
DA:75,0
DA:77,0
DA:78,0
DA:79,0
DA:81,0
DA:82,0
DA:83,0
DA:84,0
DA:92,0
DA:95,0
DA:96,0
DA:97,0
DA:99,0
DA:102,0
DA:111,0
DA:112,0
DA:113,0
DA:115,0
DA:118,0
DA:127,0
DA:128,0
DA:129,0
DA:131,0
DA:132,0
DA:137,0
DA:138,0
DA:139,0
DA:140,0
DA:142,0
DA:143,0
DA:145,0
DA:146,0
DA:147,0
DA:151,0
DA:152,0
DA:158,0
DA:160,0
DA:161,0
DA:162,0
DA:165,0
DA:166,0
DA:173,0
DA:175,0
DA:176,0
DA:178,0
DA:179,0
DA:191,0
DA:193,0
DA:195,0
DA:196,0
LF:74
LH:0
end_of_record
SF:lib\screens\home_screen.dart
DA:13,9
DA:15,1
DA:17,4
DA:19,1
DA:21,1
DA:23,1
DA:25,1
DA:29,1
DA:30,1
DA:34,1
DA:35,1
DA:46,0
DA:47,0
DA:49,0
DA:50,0
DA:51,0
DA:52,0
DA:53,0
DA:60,1
DA:61,1
DA:62,0
DA:63,0
DA:71,1
DA:72,0
DA:74,0
DA:76,1
DA:78,1
DA:79,1
DA:89,0
DA:90,0
DA:92,0
DA:93,0
DA:95,0
DA:96,0
DA:98,0
DA:99,0
DA:101,0
DA:102,0
DA:104,0
DA:105,0
DA:109,0
DA:117,0
DA:118,0
DA:119,0
DA:120,0
DA:121,0
DA:122,0
DA:123,0
DA:126,0
DA:127,0
DA:128,0
DA:134,0
DA:164,0
DA:165,0
DA:167,0
DA:171,0
DA:177,0
DA:178,0
DA:192,1
DA:193,1
DA:194,1
DA:195,1
DA:196,1
DA:199,1
DA:201,1
DA:202,1
DA:203,1
DA:205,1
DA:206,1
DA:234,1
DA:235,0
DA:237,0
DA:241,1
DA:247,1
DA:248,1
DA:256,1
DA:257,1
DA:266,1
DA:268,1
DA:270,1
DA:272,1
DA:274,1
DA:280,1
DA:281,1
DA:283,1
DA:285,1
DA:298,1
DA:299,1
DA:300,2
DA:302,0
DA:305,1
DA:310,1
DA:311,1
DA:316,1
DA:321,1
DA:327,1
DA:328,2
DA:329,3
DA:333,1
DA:342,1
DA:343,1
DA:345,2
DA:346,1
DA:348,1
DA:349,1
DA:350,1
DA:353,1
DA:356,1
DA:362,1
DA:373,1
DA:374,1
DA:376,1
DA:377,1
DA:390,1
DA:391,1
DA:392,2
DA:394,0
DA:397,1
DA:402,1
DA:403,1
DA:409,1
DA:415,1
DA:422,1
DA:423,2
DA:424,3
DA:428,1
DA:437,1
DA:442,1
DA:444,2
DA:446,1
DA:448,1
DA:449,1
DA:452,1
DA:453,1
DA:457,1
DA:458,1
DA:461,1
DA:463,1
DA:464,1
DA:468,1
DA:480,1
DA:481,1
DA:484,1
DA:485,1
DA:486,1
DA:487,1
DA:488,1
DA:489,1
DA:508,1
DA:509,1
DA:511,1
DA:521,1
DA:522,0
DA:528,1
DA:529,0
DA:535,1
DA:536,0
DA:542,1
DA:543,0
DA:544,0
DA:546,0
DA:551,0
DA:552,0
DA:553,0
DA:566,1
DA:567,0
DA:568,0
DA:570,0
DA:575,0
DA:576,0
DA:577,0
LF:171
LH:111
end_of_record
SF:lib\state\auth_providers.dart
DA:3,0
DA:4,0
LF:2
LH:0
end_of_record
SF:lib\shared\widgets\buttons\primary_button.dart
DA:8,1
DA:15,1
DA:17,1
DA:18,2
DA:19,1
DA:22,2
DA:25,1
DA:30,2
LF:8
LH:8
end_of_record
SF:lib\screens\pricing_screen.dart
DA:6,1
DA:8,1
DA:10,4
DA:12,1
DA:14,1
DA:19,1
DA:20,1
DA:22,1
DA:24,1
DA:41,1
DA:42,1
DA:43,2
DA:45,0
DA:48,1
DA:53,1
DA:54,1
DA:57,1
DA:66,1
DA:69,1
DA:78,1
DA:81,1
DA:91,1
DA:92,2
DA:93,3
DA:97,1
DA:109,1
DA:110,0
DA:112,0
DA:114,1
DA:120,1
DA:121,1
DA:134,1
DA:141,1
DA:143,2
DA:145,1
DA:147,1
DA:148,1
DA:149,1
DA:151,1
DA:158,1
DA:160,1
DA:167,1
DA:170,1
DA:171,2
DA:172,1
DA:173,1
DA:175,1
DA:179,1
DA:180,1
DA:182,1
DA:190,1
DA:193,1
DA:194,0
DA:195,0
DA:197,1
DA:204,1
DA:205,1
LF:57
LH:52
end_of_record
SF:lib\screens\kpi_dashboard_screen.dart
DA:4,1
DA:6,1
DA:8,1
DA:9,1
DA:13,1
DA:15,1
DA:33,1
DA:35,1
DA:37,1
DA:40,1
DA:42,2
DA:43,1
DA:44,1
LF:13
LH:13
end_of_record
