SF:lib\auth\auth_service.dart
DA:10,4
DA:22,1
DA:28,1
DA:32,1
DA:33,1
DA:34,1
DA:35,1
DA:40,4
DA:42,2
DA:44,1
DA:45,1
DA:49,1
DA:52,0
DA:54,0
DA:55,0
DA:56,0
DA:57,0
DA:62,1
DA:63,1
DA:70,4
DA:72,2
DA:74,1
DA:75,1
DA:79,1
DA:82,0
DA:84,0
DA:85,0
DA:86,0
DA:87,0
DA:92,1
DA:96,1
DA:98,1
DA:103,2
DA:106,1
DA:112,1
DA:113,1
DA:114,1
DA:116,2
DA:117,2
DA:118,2
DA:121,2
DA:122,2
DA:124,3
LF:43
LH:33
end_of_record
SF:lib\shared\models\node_block.dart
DA:4,3
DA:8,2
DA:32,1
DA:50,2
DA:52,1
DA:72,1
DA:73,1
DA:74,1
DA:75,1
DA:76,1
DA:79,1
DA:80,1
DA:82,1
DA:83,1
DA:85,1
DA:86,1
DA:88,1
DA:89,1
DA:91,1
DA:92,1
DA:94,2
DA:95,1
DA:96,1
DA:98,2
DA:99,1
DA:100,1
DA:102,1
DA:103,1
DA:105,1
DA:106,1
DA:108,1
DA:109,1
DA:111,1
DA:112,1
LF:34
LH:34
end_of_record
SF:lib\auth\register_screen.dart
DA:9,2
DA:14,1
DA:15,1
DA:28,1
DA:31,1
DA:32,1
DA:33,3
DA:36,0
DA:37,0
DA:38,0
DA:39,0
DA:40,0
DA:43,0
DA:44,0
DA:45,0
DA:46,0
DA:48,0
DA:49,0
DA:50,0
DA:51,0
DA:57,0
DA:58,0
DA:62,0
DA:70,0
DA:73,0
DA:77,0
DA:78,0
DA:79,0
DA:80,0
DA:84,0
DA:85,0
DA:90,1
DA:92,4
DA:94,1
DA:95,1
DA:96,1
DA:98,1
DA:99,1
DA:106,1
DA:108,1
DA:110,1
DA:111,0
DA:112,1
DA:121,1
DA:122,1
DA:123,1
DA:125,1
DA:128,1
DA:137,1
DA:138,1
DA:139,1
DA:141,1
DA:142,1
DA:147,1
DA:148,1
DA:149,1
DA:151,1
DA:152,1
DA:157,1
DA:158,1
DA:159,1
DA:161,1
DA:162,1
DA:167,1
DA:168,1
DA:169,1
DA:170,1
DA:172,1
DA:173,1
DA:175,1
DA:176,1
DA:177,1
DA:181,2
DA:182,3
DA:188,1
DA:190,1
DA:191,1
DA:195,1
DA:197,1
DA:198,1
DA:202,1
DA:203,2
DA:216,1
DA:217,1
DA:220,2
LF:85
LH:60
end_of_record
SF:lib\shared\widgets\buttons\primary_button.dart
DA:8,2
DA:15,2
DA:17,2
DA:18,4
DA:19,2
DA:22,4
DA:25,2
DA:30,4
LF:8
LH:8
end_of_record
SF:lib\screens\dashboard_screen.dart
DA:7,2
DA:9,1
DA:11,4
DA:12,1
DA:14,1
DA:16,1
DA:17,1
DA:25,2
DA:29,1
DA:30,1
DA:31,1
DA:32,1
DA:40,1
DA:43,2
DA:45,1
DA:48,0
DA:50,1
DA:53,0
DA:55,1
DA:58,0
DA:61,1
DA:64,0
DA:71,1
DA:72,1
DA:73,1
DA:75,1
DA:76,1
DA:78,1
DA:80,1
DA:82,1
DA:84,1
DA:86,1
DA:89,1
DA:97,1
DA:98,1
DA:99,1
DA:100,1
DA:103,1
DA:104,1
DA:111,1
DA:116,0
DA:118,1
DA:123,2
DA:125,1
DA:130,0
DA:133,1
DA:138,0
DA:143,1
DA:144,1
DA:145,1
DA:146,1
DA:148,1
DA:149,1
DA:150,1
DA:151,2
DA:153,2
DA:157,1
DA:159,1
DA:162,1
DA:165,1
DA:168,1
DA:178,1
DA:179,1
DA:181,2
DA:182,1
DA:184,1
DA:186,1
DA:187,1
DA:192,1
DA:202,1
DA:203,1
DA:205,2
DA:206,1
DA:208,1
DA:210,1
DA:211,1
DA:212,1
DA:213,1
DA:231,1
DA:232,1
DA:234,2
LF:81
LH:74
end_of_record
SF:lib\screens\home_screen.dart
DA:8,1
DA:10,1
DA:12,4
DA:14,1
DA:16,1
DA:18,1
DA:20,2
DA:24,1
DA:25,1
DA:29,1
DA:30,1
DA:41,0
DA:42,0
DA:44,0
DA:45,0
DA:46,0
DA:47,0
DA:48,0
DA:54,1
DA:55,1
DA:56,0
DA:57,0
DA:62,1
DA:63,0
DA:64,0
DA:66,1
DA:68,2
DA:77,0
DA:78,0
DA:80,0
DA:81,0
DA:82,0
DA:84,0
DA:92,1
DA:93,1
DA:94,1
DA:95,1
DA:96,1
DA:97,1
DA:98,1
DA:101,1
DA:102,1
DA:103,1
DA:109,1
DA:139,1
DA:140,0
DA:141,0
DA:145,1
DA:148,2
DA:162,1
DA:163,1
DA:164,1
DA:165,1
DA:166,1
DA:169,1
DA:171,1
DA:172,1
DA:173,1
DA:175,1
DA:176,1
DA:204,1
DA:205,0
DA:206,0
DA:210,1
DA:213,2
DA:220,1
DA:221,1
DA:230,1
DA:232,1
DA:234,1
DA:236,1
DA:238,1
DA:244,1
DA:245,1
DA:247,1
DA:249,1
DA:262,2
DA:263,4
DA:264,1
DA:268,1
DA:269,1
DA:271,1
DA:273,1
DA:275,7
DA:283,1
DA:284,1
DA:286,2
DA:287,1
DA:289,1
DA:290,1
DA:291,1
DA:294,1
DA:297,1
DA:299,1
DA:306,1
DA:307,1
DA:309,1
DA:310,1
DA:323,2
DA:324,4
DA:325,1
DA:329,1
DA:330,1
DA:335,1
DA:340,1
DA:345,7
DA:353,1
DA:354,1
DA:356,2
DA:357,1
DA:359,1
DA:360,1
DA:363,2
DA:365,1
DA:366,1
DA:369,1
DA:371,1
DA:372,1
DA:373,1
DA:384,1
DA:385,1
DA:388,1
DA:389,1
DA:390,1
DA:391,1
DA:392,1
DA:393,1
DA:408,1
DA:409,1
LF:129
LH:108
end_of_record
SF:lib\auth\login_screen.dart
DA:7,1
DA:9,0
DA:10,0
DA:20,0
DA:21,0
DA:22,0
DA:24,0
DA:25,0
DA:31,0
DA:33,0
DA:39,0
DA:43,0
DA:44,0
DA:45,0
DA:46,0
DA:47,0
DA:48,0
DA:52,0
DA:58,0
DA:60,0
DA:61,0
DA:62,0
DA:66,0
DA:68,0
DA:73,0
DA:75,0
DA:77,0
DA:78,0
DA:79,0
DA:81,0
DA:82,0
DA:83,0
DA:84,0
DA:92,0
DA:95,0
DA:96,0
DA:97,0
DA:100,0
DA:103,0
DA:112,0
DA:113,0
DA:114,0
DA:116,0
DA:119,0
DA:128,0
DA:129,0
DA:130,0
DA:132,0
DA:133,0
DA:138,0
DA:139,0
DA:140,0
DA:141,0
DA:143,0
DA:144,0
DA:146,0
DA:147,0
DA:148,0
DA:152,0
DA:153,0
DA:159,0
DA:161,0
DA:162,0
DA:163,0
DA:166,0
DA:167,0
DA:174,0
DA:176,0
DA:178,0
DA:179,0
LF:70
LH:1
end_of_record
SF:lib\screens\kpi_dashboard_screen.dart
DA:4,1
DA:6,1
DA:8,1
DA:9,1
DA:10,1
DA:12,1
DA:30,1
DA:32,1
DA:34,1
DA:37,1
DA:39,2
DA:40,1
DA:41,1
LF:13
LH:13
end_of_record
SF:lib\screens\scenario_builder_screen.dart
DA:9,1
DA:11,1
DA:12,1
DA:26,1
DA:28,1
DA:29,3
DA:32,0
DA:33,0
DA:34,0
DA:35,0
DA:43,0
DA:44,0
DA:45,0
DA:46,0
DA:47,0
DA:48,0
DA:49,0
DA:50,0
DA:51,0
DA:52,0
DA:53,0
DA:54,0
DA:55,0
DA:56,0
DA:57,0
DA:62,0
DA:63,0
DA:64,0
DA:65,0
DA:66,0
DA:71,0
DA:72,0
DA:73,0
DA:74,0
DA:75,0
DA:76,0
DA:77,0
DA:78,0
DA:81,0
DA:82,0
DA:84,0
DA:85,0
DA:88,0
DA:89,0
DA:90,0
DA:91,0
DA:97,0
DA:98,0
DA:99,0
DA:100,0
DA:101,0
DA:104,0
DA:105,0
DA:106,0
DA:107,0
DA:111,0
DA:112,0
DA:113,0
DA:114,0
DA:118,0
DA:119,0
DA:126,0
DA:127,0
DA:128,0
DA:129,0
DA:130,0
DA:133,0
DA:134,0
DA:135,0
DA:136,0
DA:139,0
DA:140,0
DA:141,0
DA:142,0
DA:147,0
DA:148,0
DA:149,0
DA:150,0
DA:151,0
DA:154,0
DA:155,0
DA:156,0
DA:157,0
DA:160,0
DA:161,0
DA:162,0
DA:163,0
DA:172,0
DA:173,0
DA:179,1
DA:180,1
DA:181,1
DA:182,1
DA:183,1
DA:185,1
DA:187,4
DA:190,1
DA:192,1
DA:193,1
DA:195,6
DA:196,0
DA:197,0
DA:201,1
DA:203,3
DA:205,1
DA:207,1
DA:208,0
DA:209,0
DA:210,0
DA:213,1
DA:215,1
DA:217,2
DA:219,1
DA:221,1
DA:224,1
DA:227,1
DA:230,0
DA:231,0
DA:241,1
DA:243,4
DA:244,3
DA:245,4
DA:247,1
DA:248,1
DA:252,1
DA:254,0
DA:256,3
DA:257,1
DA:258,2
DA:259,2
DA:260,1
DA:263,0
DA:264,0
DA:269,1
DA:272,0
DA:273,0
DA:278,1
DA:281,0
DA:282,0
DA:289,1
DA:290,1
DA:291,1
DA:292,2
DA:293,1
DA:294,1
DA:295,0
DA:296,0
DA:297,0
DA:298,0
DA:300,1
DA:301,1
DA:302,1
DA:303,1
DA:304,1
DA:305,1
DA:307,1
DA:308,0
DA:309,0
DA:310,0
DA:311,0
DA:312,0
DA:314,0
DA:315,0
DA:318,0
DA:320,0
DA:322,0
DA:323,0
DA:325,0
DA:346,1
DA:348,1
DA:350,1
DA:351,1
DA:352,1
DA:353,4
DA:354,0
DA:355,0
DA:356,0
DA:360,0
LF:178
LH:61
end_of_record
SF:lib\state\scenario_provider.dart
DA:5,2
DA:6,2
DA:7,1
DA:11,3
DA:17,0
DA:18,0
DA:19,0
DA:23,0
DA:24,0
DA:25,0
DA:26,0
DA:27,0
DA:28,0
DA:33,0
DA:34,0
DA:35,0
DA:36,0
DA:37,0
DA:42,0
DA:43,0
DA:44,0
DA:45,0
DA:50,0
DA:51,0
DA:52,0
DA:53,0
DA:58,0
DA:59,0
DA:60,0
DA:64,0
DA:65,0
DA:66,0
DA:67,0
LF:33
LH:4
end_of_record
SF:lib\screens\simulator_screen.dart
DA:4,1
DA:6,1
DA:8,1
DA:9,1
DA:10,1
DA:12,1
DA:22,1
DA:23,1
DA:24,1
DA:27,1
DA:29,2
DA:36,1
DA:38,1
DA:44,0
DA:49,1
DA:52,0
LF:16
LH:14
end_of_record
